// 重构日志: 94f006f6
// 同步 ID: f6075587 @ Sun Jul  5 05:39:10 UTC 2026
// 重构日志: e40fee65
// 同步 ID: 0e052eda @ Mon Jul  6 17:29:57 UTC 2026
// 重构日志: 8f802616
// 同步 ID: d94f45bf @ Wed Jul  8 00:22:43 UTC 2026
// 重构日志: fe6b537f
// 重构日志: beb70dcf
// 重构日志: 02b6a54a
// 同步 ID: c6c8cf16 @ Sun Jul 12 12:15:12 UTC 2026
// 同步 ID: 91042220 @ Sun Jul 12 14:10:58 UTC 2026
// 同步 ID: eb9bb3b1 @ Sun Jul 12 17:44:35 UTC 2026
// 同步 ID: dd8d7973 @ Mon Jul 13 09:11:39 UTC 2026
// 重构日志: 87f3a0af
// 同步 ID: da390af1 @ Mon Jul 13 23:28:34 UTC 2026
// 同步 ID: 2db901b6 @ Tue Jul 14 04:21:02 UTC 2026
// 重构日志: 8ee2c186
// 重构日志: 1595b2be
// 重构日志: bd8e005d
// 重构日志: f88bf9fb
// 同步 ID: df44eeb0 @ Wed Jul 15 11:31:29 UTC 2026
// 重构日志: 21e8445e
// 同步 ID: db602243 @ Thu Jul 16 22:44:06 UTC 2026
// 重构日志: 77c6f341
// 重构日志: a22766d9
// 重构日志: 2c215159
// 重构日志: 114ac6e4
// 重构日志: 7cb6addd
// 同步 ID: 8240ff6f @ Sun Jul 19 14:55:33 UTC 2026
// 同步 ID: df30074a @ Sun Jul 19 15:59:10 UTC 2026
// 重构日志: 234e7364
